# JRE version: Java(TM) SE Runtime Environment (8.0_202-b08) (build 1.8.0_202-b08)
# Java VM: Java HotSpot(TM) 64-Bit Server VM (25.202-b08 mixed mode windows-amd64 compressed oops)
Heap:
 PSYoungGen      total 13824K, used 3119K [0x00000000d5d00000, 0x00000000d7500000, 0x0000000100000000)
  eden space 10240K, 0% used [0x00000000d5d00000,0x00000000d5d00000,0x00000000d6700000)
  from space 3584K, 87% used [0x00000000d6700000,0x00000000d6a0bc88,0x00000000d6a80000)
  to   space 4096K, 0% used [0x00000000d7100000,0x00000000d7100000,0x00000000d7500000)
 ParOldGen       total 5632K, used 4539K [0x0000000081600000, 0x0000000081b80000, 0x00000000d5d00000)
  object space 5632K, 80% used [0x0000000081600000,0x0000000081a6ee90,0x0000000081b80000)
 Metaspace       used 7470K, capacity 8372K, committed 8704K, reserved 1056768K
  class space    used 902K, capacity 944K, committed 1024K, reserved 1048576K
GC Heap History (10 events):
Event: 1.198 GC heap after
Heap after GC invocations=5 (full 0):
 PSYoungGen      total 3584K, used 480K [0x00000000d5d00000, 0x00000000d6500000, 0x0000000100000000)
  eden space 3072K, 0% used [0x00000000d5d00000,0x00000000d5d00000,0x00000000d6000000)
  from space 512K, 93% used [0x00000000d6000000,0x00000000d6078010,0x00000000d6080000)
  to   space 1024K, 0% used [0x00000000d6400000,0x00000000d6400000,0x00000000d6500000)
 ParOldGen       total 5632K, used 924K [0x0000000081600000, 0x0000000081b80000, 0x00000000d5d00000)
  object space 5632K, 16% used [0x0000000081600000,0x00000000816e7050,0x0000000081b80000)
 Metaspace       used 6036K, capacity 7276K, committed 7552K, reserved 1056768K
  class space    used 759K, capacity 808K, committed 896K, reserved 1048576K
}
Event: 1.571 GC heap before
{Heap before GC invocations=6 (full 0):
 PSYoungGen      total 3584K, used 3481K [0x00000000d5d00000, 0x00000000d6500000, 0x0000000100000000)
  eden space 3072K, 97% used [0x00000000d5d00000,0x00000000d5fee5a0,0x00000000d6000000)
  from space 512K, 93% used [0x00000000d6000000,0x00000000d6078010,0x00000000d6080000)
  to   space 1024K, 0% used [0x00000000d6400000,0x00000000d6400000,0x00000000d6500000)
 ParOldGen       total 5632K, used 924K [0x0000000081600000, 0x0000000081b80000, 0x00000000d5d00000)
  object space 5632K, 16% used [0x0000000081600000,0x00000000816e7050,0x0000000081b80000)
 Metaspace       used 7226K, capacity 8148K, committed 8448K, reserved 1056768K
  class space    used 888K, capacity 912K, committed 1024K, reserved 1048576K
Event: 1.577 GC heap after
Heap after GC invocations=6 (full 0):
 PSYoungGen      total 6656K, used 1012K [0x00000000d5d00000, 0x00000000d6600000, 0x0000000100000000)
  eden space 5632K, 0% used [0x00000000d5d00000,0x00000000d5d00000,0x00000000d6280000)
  from space 1024K, 98% used [0x00000000d6400000,0x00000000d64fd020,0x00000000d6500000)
  to   space 1536K, 0% used [0x00000000d6280000,0x00000000d6280000,0x00000000d6400000)
 ParOldGen       total 5632K, used 1064K [0x0000000081600000, 0x0000000081b80000, 0x00000000d5d00000)
  object space 5632K, 18% used [0x0000000081600000,0x000000008170a0f8,0x0000000081b80000)
 Metaspace       used 7226K, capacity 8148K, committed 8448K, reserved 1056768K
  class space    used 888K, capacity 912K, committed 1024K, reserved 1048576K
}
Event: 1.713 GC heap before
{Heap before GC invocations=7 (full 0):
 PSYoungGen      total 6656K, used 6239K [0x00000000d5d00000, 0x00000000d6600000, 0x0000000100000000)
  eden space 5632K, 92% used [0x00000000d5d00000,0x00000000d621ae20,0x00000000d6280000)
  from space 1024K, 98% used [0x00000000d6400000,0x00000000d64fd020,0x00000000d6500000)
  to   space 1536K, 0% used [0x00000000d6280000,0x00000000d6280000,0x00000000d6400000)
 ParOldGen       total 5632K, used 1064K [0x0000000081600000, 0x0000000081b80000, 0x00000000d5d00000)
  object space 5632K, 18% used [0x0000000081600000,0x000000008170a0f8,0x0000000081b80000)
 Metaspace       used 7250K, capacity 8148K, committed 8448K, reserved 1056768K
  class space    used 888K, capacity 912K, committed 1024K, reserved 1048576K
Event: 1.725 GC heap after
Heap after GC invocations=7 (full 0):
 PSYoungGen      total 7168K, used 1527K [0x00000000d5d00000, 0x00000000d6d00000, 0x0000000100000000)
  eden space 5632K, 0% used [0x00000000d5d00000,0x00000000d5d00000,0x00000000d6280000)
  from space 1536K, 99% used [0x00000000d6280000,0x00000000d63fde88,0x00000000d6400000)
  to   space 2560K, 0% used [0x00000000d6a80000,0x00000000d6a80000,0x00000000d6d00000)
 ParOldGen       total 5632K, used 3142K [0x0000000081600000, 0x0000000081b80000, 0x00000000d5d00000)
  object space 5632K, 55% used [0x0000000081600000,0x00000000819118e8,0x0000000081b80000)
 Metaspace       used 7250K, capacity 8148K, committed 8448K, reserved 1056768K
  class space    used 888K, capacity 912K, committed 1024K, reserved 1048576K
}
Event: 1.937 GC heap before
{Heap before GC invocations=8 (full 0):
 PSYoungGen      total 7168K, used 7159K [0x00000000d5d00000, 0x00000000d6d00000, 0x0000000100000000)
  eden space 5632K, 100% used [0x00000000d5d00000,0x00000000d6280000,0x00000000d6280000)
  from space 1536K, 99% used [0x00000000d6280000,0x00000000d63fde88,0x00000000d6400000)
  to   space 2560K, 0% used [0x00000000d6a80000,0x00000000d6a80000,0x00000000d6d00000)
 ParOldGen       total 5632K, used 3142K [0x0000000081600000, 0x0000000081b80000, 0x00000000d5d00000)
  object space 5632K, 55% used [0x0000000081600000,0x00000000819118e8,0x0000000081b80000)
 Metaspace       used 7391K, capacity 8308K, committed 8448K, reserved 1056768K
  class space    used 900K, capacity 944K, committed 1024K, reserved 1048576K
Event: 1.945 GC heap after
Heap after GC invocations=8 (full 0):
 PSYoungGen      total 12800K, used 2539K [0x00000000d5d00000, 0x00000000d6f00000, 0x0000000100000000)
  eden space 10240K, 0% used [0x00000000d5d00000,0x00000000d5d00000,0x00000000d6700000)
  from space 2560K, 99% used [0x00000000d6a80000,0x00000000d6cfae88,0x00000000d6d00000)
  to   space 3584K, 0% used [0x00000000d6700000,0x00000000d6700000,0x00000000d6a80000)
 ParOldGen       total 5632K, used 4102K [0x0000000081600000, 0x0000000081b80000, 0x00000000d5d00000)
  object space 5632K, 72% used [0x0000000081600000,0x0000000081a018f8,0x0000000081b80000)
 Metaspace       used 7391K, capacity 8308K, committed 8448K, reserved 1056768K
  class space    used 900K, capacity 944K, committed 1024K, reserved 1048576K
}
Event: 2.148 GC heap before
{Heap before GC invocations=9 (full 0):
 PSYoungGen      total 12800K, used 12779K [0x00000000d5d00000, 0x00000000d6f00000, 0x0000000100000000)
  eden space 10240K, 100% used [0x00000000d5d00000,0x00000000d6700000,0x00000000d6700000)
  from space 2560K, 99% used [0x00000000d6a80000,0x00000000d6cfae88,0x00000000d6d00000)
  to   space 3584K, 0% used [0x00000000d6700000,0x00000000d6700000,0x00000000d6a80000)
 ParOldGen       total 5632K, used 4102K [0x0000000081600000, 0x0000000081b80000, 0x00000000d5d00000)
  object space 5632K, 72% used [0x0000000081600000,0x0000000081a018f8,0x0000000081b80000)
 Metaspace       used 7470K, capacity 8372K, committed 8704K, reserved 1056768K
  class space    used 902K, capacity 944K, committed 1024K, reserved 1048576K
Event: 2.155 GC heap after
Heap after GC invocations=9 (full 0):
 PSYoungGen      total 13824K, used 3119K [0x00000000d5d00000, 0x00000000d7500000, 0x0000000100000000)
  eden space 10240K, 0% used [0x00000000d5d00000,0x00000000d5d00000,0x00000000d6700000)
  from space 3584K, 87% used [0x00000000d6700000,0x00000000d6a0bc88,0x00000000d6a80000)
  to   space 4096K, 0% used [0x00000000d7100000,0x00000000d7100000,0x00000000d7500000)
 ParOldGen       total 5632K, used 4539K [0x0000000081600000, 0x0000000081b80000, 0x00000000d5d00000)
  object space 5632K, 80% used [0x0000000081600000,0x0000000081a6ee90,0x0000000081b80000)
 Metaspace       used 7470K, capacity 8372K, committed 8704K, reserved 1056768K
  class space    used 902K, capacity 944K, committed 1024K, reserved 1048576K
}
Event: 2.155 GC heap before
{Heap before GC invocations=10 (full 1):
 PSYoungGen      total 13824K, used 3119K [0x00000000d5d00000, 0x00000000d7500000, 0x0000000100000000)
  eden space 10240K, 0% used [0x00000000d5d00000,0x00000000d5d00000,0x00000000d6700000)
  from space 3584K, 87% used [0x00000000d6700000,0x00000000d6a0bc88,0x00000000d6a80000)
  to   space 4096K, 0% used [0x00000000d7100000,0x00000000d7100000,0x00000000d7500000)
 ParOldGen       total 5632K, used 4539K [0x0000000081600000, 0x0000000081b80000, 0x00000000d5d00000)
  object space 5632K, 80% used [0x0000000081600000,0x0000000081a6ee90,0x0000000081b80000)
 Metaspace       used 7470K, capacity 8372K, committed 8704K, reserved 1056768K
  class space    used 902K, capacity 944K, committed 1024K, reserved 1048576K

