# JRE version: Java(TM) SE Runtime Environment (8.0_202-b08) (build 1.8.0_202-b08)
# Java VM: Java HotSpot(TM) 64-Bit Server VM (25.202-b08 mixed mode windows-amd64 compressed oops)
Heap:
 PSYoungGen      total 15360K, used 8667K [0x00000000d5d00000, 0x00000000d7580000, 0x0000000100000000)
  eden space 11264K, 40% used [0x00000000d5d00000,0x00000000d617c900,0x00000000d6800000)
  from space 4096K, 99% used [0x00000000d6800000,0x00000000d6bfa3f8,0x00000000d6c00000)
  to   space 5120K, 0% used [0x00000000d7080000,0x00000000d7080000,0x00000000d7580000)
 ParOldGen       total 10240K, used 4983K [0x0000000081600000, 0x0000000082000000, 0x00000000d5d00000)
  object space 10240K, 48% used [0x0000000081600000,0x0000000081adddf0,0x0000000082000000)
 Metaspace       used 7520K, capacity 8372K, committed 8704K, reserved 1056768K
  class space    used 908K, capacity 944K, committed 1024K, reserved 1048576K
GC Heap History (10 events):
Event: 1.040 GC heap before
{Heap before GC invocations=4 (full 0):
 PSYoungGen      total 3584K, used 3567K [0x00000000d5d00000, 0x00000000d6400000, 0x0000000100000000)
  eden space 3072K, 100% used [0x00000000d5d00000,0x00000000d6000000,0x00000000d6000000)
  from space 512K, 96% used [0x00000000d6000000,0x00000000d607bc20,0x00000000d6080000)
  to   space 512K, 0% used [0x00000000d6380000,0x00000000d6380000,0x00000000d6400000)
 ParOldGen       total 5632K, used 600K [0x0000000081600000, 0x0000000081b80000, 0x00000000d5d00000)
  object space 5632K, 10% used [0x0000000081600000,0x0000000081696040,0x0000000081b80000)
 Metaspace       used 6034K, capacity 7276K, committed 7552K, reserved 1056768K
  class space    used 759K, capacity 808K, committed 896K, reserved 1048576K
Event: 1.041 GC heap after
Heap after GC invocations=4 (full 0):
 PSYoungGen      total 6656K, used 480K [0x00000000d5d00000, 0x00000000d6400000, 0x0000000100000000)
  eden space 6144K, 0% used [0x00000000d5d00000,0x00000000d5d00000,0x00000000d6300000)
  from space 512K, 93% used [0x00000000d6380000,0x00000000d63f8020,0x00000000d6400000)
  to   space 512K, 0% used [0x00000000d6300000,0x00000000d6300000,0x00000000d6380000)
 ParOldGen       total 5632K, used 912K [0x0000000081600000, 0x0000000081b80000, 0x00000000d5d00000)
  object space 5632K, 16% used [0x0000000081600000,0x00000000816e4040,0x0000000081b80000)
 Metaspace       used 6034K, capacity 7276K, committed 7552K, reserved 1056768K
  class space    used 759K, capacity 808K, committed 896K, reserved 1048576K
}
Event: 1.493 GC heap before
{Heap before GC invocations=5 (full 0):
 PSYoungGen      total 6656K, used 6624K [0x00000000d5d00000, 0x00000000d6400000, 0x0000000100000000)
  eden space 6144K, 100% used [0x00000000d5d00000,0x00000000d6300000,0x00000000d6300000)
  from space 512K, 93% used [0x00000000d6380000,0x00000000d63f8020,0x00000000d6400000)
  to   space 512K, 0% used [0x00000000d6300000,0x00000000d6300000,0x00000000d6380000)
 ParOldGen       total 5632K, used 912K [0x0000000081600000, 0x0000000081b80000, 0x00000000d5d00000)
  object space 5632K, 16% used [0x0000000081600000,0x00000000816e4040,0x0000000081b80000)
 Metaspace       used 7219K, capacity 8148K, committed 8448K, reserved 1056768K
  class space    used 888K, capacity 912K, committed 1024K, reserved 1048576K
Event: 1.532 GC heap after
Heap after GC invocations=5 (full 0):
 PSYoungGen      total 6656K, used 480K [0x00000000d5d00000, 0x00000000d7000000, 0x0000000100000000)
  eden space 6144K, 0% used [0x00000000d5d00000,0x00000000d5d00000,0x00000000d6300000)
  from space 512K, 93% used [0x00000000d6300000,0x00000000d6378020,0x00000000d6380000)
  to   space 3584K, 0% used [0x00000000d6c80000,0x00000000d6c80000,0x00000000d7000000)
 ParOldGen       total 5632K, used 4506K [0x0000000081600000, 0x0000000081b80000, 0x00000000d5d00000)
  object space 5632K, 80% used [0x0000000081600000,0x0000000081a669d0,0x0000000081b80000)
 Metaspace       used 7219K, capacity 8148K, committed 8448K, reserved 1056768K
  class space    used 888K, capacity 912K, committed 1024K, reserved 1048576K
}
Event: 1.532 GC heap before
{Heap before GC invocations=6 (full 1):
 PSYoungGen      total 6656K, used 480K [0x00000000d5d00000, 0x00000000d7000000, 0x0000000100000000)
  eden space 6144K, 0% used [0x00000000d5d00000,0x00000000d5d00000,0x00000000d6300000)
  from space 512K, 93% used [0x00000000d6300000,0x00000000d6378020,0x00000000d6380000)
  to   space 3584K, 0% used [0x00000000d6c80000,0x00000000d6c80000,0x00000000d7000000)
 ParOldGen       total 5632K, used 4506K [0x0000000081600000, 0x0000000081b80000, 0x00000000d5d00000)
  object space 5632K, 80% used [0x0000000081600000,0x0000000081a669d0,0x0000000081b80000)
 Metaspace       used 7219K, capacity 8148K, committed 8448K, reserved 1056768K
  class space    used 888K, capacity 912K, committed 1024K, reserved 1048576K
Event: 1.584 GC heap after
Heap after GC invocations=6 (full 1):
 PSYoungGen      total 6656K, used 0K [0x00000000d5d00000, 0x00000000d7000000, 0x0000000100000000)
  eden space 6144K, 0% used [0x00000000d5d00000,0x00000000d5d00000,0x00000000d6300000)
  from space 512K, 0% used [0x00000000d6300000,0x00000000d6300000,0x00000000d6380000)
  to   space 3584K, 0% used [0x00000000d6c80000,0x00000000d6c80000,0x00000000d7000000)
 ParOldGen       total 10240K, used 4847K [0x0000000081600000, 0x0000000082000000, 0x00000000d5d00000)
  object space 10240K, 47% used [0x0000000081600000,0x0000000081abbdf0,0x0000000082000000)
 Metaspace       used 7219K, capacity 8148K, committed 8448K, reserved 1056768K
  class space    used 888K, capacity 912K, committed 1024K, reserved 1048576K
}
Event: 1.789 GC heap before
{Heap before GC invocations=7 (full 1):
 PSYoungGen      total 6656K, used 6144K [0x00000000d5d00000, 0x00000000d7000000, 0x0000000100000000)
  eden space 6144K, 100% used [0x00000000d5d00000,0x00000000d6300000,0x00000000d6300000)
  from space 512K, 0% used [0x00000000d6300000,0x00000000d6300000,0x00000000d6380000)
  to   space 3584K, 0% used [0x00000000d6c80000,0x00000000d6c80000,0x00000000d7000000)
 ParOldGen       total 10240K, used 4847K [0x0000000081600000, 0x0000000082000000, 0x00000000d5d00000)
  object space 10240K, 47% used [0x0000000081600000,0x0000000081abbdf0,0x0000000082000000)
 Metaspace       used 7310K, capacity 8244K, committed 8448K, reserved 1056768K
  class space    used 895K, capacity 944K, committed 1024K, reserved 1048576K
Event: 1.798 GC heap after
Heap after GC invocations=7 (full 1):
 PSYoungGen      total 12800K, used 3331K [0x00000000d5d00000, 0x00000000d7000000, 0x0000000100000000)
  eden space 9216K, 0% used [0x00000000d5d00000,0x00000000d5d00000,0x00000000d6600000)
  from space 3584K, 92% used [0x00000000d6c80000,0x00000000d6fc0c78,0x00000000d7000000)
  to   space 4096K, 0% used [0x00000000d6800000,0x00000000d6800000,0x00000000d6c00000)
 ParOldGen       total 10240K, used 4847K [0x0000000081600000, 0x0000000082000000, 0x00000000d5d00000)
  object space 10240K, 47% used [0x0000000081600000,0x0000000081abbdf0,0x0000000082000000)
 Metaspace       used 7310K, capacity 8244K, committed 8448K, reserved 1056768K
  class space    used 895K, capacity 944K, committed 1024K, reserved 1048576K
}
Event: 1.963 GC heap before
{Heap before GC invocations=8 (full 1):
 PSYoungGen      total 12800K, used 12547K [0x00000000d5d00000, 0x00000000d7000000, 0x0000000100000000)
  eden space 9216K, 100% used [0x00000000d5d00000,0x00000000d6600000,0x00000000d6600000)
  from space 3584K, 92% used [0x00000000d6c80000,0x00000000d6fc0c78,0x00000000d7000000)
  to   space 4096K, 0% used [0x00000000d6800000,0x00000000d6800000,0x00000000d6c00000)
 ParOldGen       total 10240K, used 4847K [0x0000000081600000, 0x0000000082000000, 0x00000000d5d00000)
  object space 10240K, 47% used [0x0000000081600000,0x0000000081abbdf0,0x0000000082000000)
 Metaspace       used 7462K, capacity 8372K, committed 8704K, reserved 1056768K
  class space    used 902K, capacity 944K, committed 1024K, reserved 1048576K
Event: 1.976 GC heap after
Heap after GC invocations=8 (full 1):
 PSYoungGen      total 15360K, used 4072K [0x00000000d5d00000, 0x00000000d7580000, 0x0000000100000000)
  eden space 11264K, 0% used [0x00000000d5d00000,0x00000000d5d00000,0x00000000d6800000)
  from space 4096K, 99% used [0x00000000d6800000,0x00000000d6bfa3f8,0x00000000d6c00000)
  to   space 5120K, 0% used [0x00000000d7080000,0x00000000d7080000,0x00000000d7580000)
 ParOldGen       total 10240K, used 4983K [0x0000000081600000, 0x0000000082000000, 0x00000000d5d00000)
  object space 10240K, 48% used [0x0000000081600000,0x0000000081adddf0,0x0000000082000000)
 Metaspace       used 7462K, capacity 8372K, committed 8704K, reserved 1056768K
  class space    used 902K, capacity 944K, committed 1024K, reserved 1048576K
}

